Exception in thread "main" java.lang.IllegalArgumentException: requirement failed: Request message id cannot be null
	at scala.Predef$.require(Predef.scala:277)
	at org.ensime.lsp.rpc.messages.JsonRpcRequestMessage.<init>(messages.scala:130)
	at org.ensime.lsp.rpc.messages.JsonRpcRequestMessage$anon$macro$970$1.from(messages.scala:137)
	at org.ensime.lsp.rpc.messages.JsonRpcRequestMessage$anon$macro$970$1.from(messages.scala:137)
	at shapeless.LabelledGeneric$$anon$1.from(generic.scala:229)
	at shapeless.LabelledGeneric$$anon$1.from(generic.scala:226)
	at spray.json.DerivedJsReader$.$anonfun$gen$2(DerivedJsReader.scala:20)
	at scala.util.Either.map(Either.scala:350)
	at spray.json.DerivedJsReader$.spray$json$DerivedJsReader$$$anonfun$gen$1(DerivedJsReader.scala:20)
	at spray.json.DerivedJsReader$$anonfun$gen$3.read(DerivedJsReader.scala:19)
	at spray.json.JsReader$ops$ExtraOps$.as$extension(JsReader.scala:34)
	at org.ensime.lsp.rpc.messages.JsonRpcMessage$.org$ensime$lsp$rpc$messages$JsonRpcMessage$$$anonfun$jsReader$8(messages.scala:88)
	at org.ensime.lsp.rpc.messages.JsonRpcMessage$$anonfun$7.read(messages.scala:86)
	at org.ensime.lsp.core.Connection.readJsonRpcMessage(Connection.scala:138)
	at org.ensime.lsp.core.Connection.handleMessage(Connection.scala:87)
	at org.ensime.lsp.core.Connection.start(Connection.scala:127)
	at org.ensime.lsp.core.LanguageServer.start(LanguageServer.scala:96)
	at org.ensime.lsp.ensime.EnsimeLanguageServer.start(EnsimeLanguageServer.scala:102)
	at org.ensime.server.Server$.startLspServer(Server.scala:185)
	at org.ensime.server.Server$.main(Server.scala:196)
	at org.ensime.server.Server.main(Server.scala)
	at sun.reflect.NativeMethodAccessorImpl.invoke0(Native Method)
	at sun.reflect.NativeMethodAccessorImpl.invoke(NativeMethodAccessorImpl.java:62)
	at sun.reflect.DelegatingMethodAccessorImpl.invoke(DelegatingMethodAccessorImpl.java:43)
	at java.lang.reflect.Method.invoke(Method.java:498)
	at coursier.cli.rg.a(Unknown Source)
	at coursier.cli.rf.k(Unknown Source)
	at coursier.cli.rl.a(Unknown Source)
	at e.h.a.c(Unknown Source)
	at b.b.c_(Unknown Source)
	at e.b.d.E.g(Unknown Source)
	at e.b.e.aW.g(Unknown Source)
	at e.b.f.b.aa.a(Unknown Source)
	at coursier.cli.rf.b(Unknown Source)
	at coursier.cli.R.b(Unknown Source)
	at b.J.c_(Unknown Source)
	at e.F.h(Unknown Source)
	at b.F.a(Unknown Source)
	at coursier.cli.Coursier.main(Unknown Source)
	at sun.reflect.NativeMethodAccessorImpl.invoke0(Native Method)
	at sun.reflect.NativeMethodAccessorImpl.invoke(NativeMethodAccessorImpl.java:62)
	at sun.reflect.DelegatingMethodAccessorImpl.invoke(DelegatingMethodAccessorImpl.java:43)
	at java.lang.reflect.Method.invoke(Method.java:498)
	at coursier.Bootstrap.main(Bootstrap.java:428)
