scala.reflect.internal.MissingRequirementError: object scala in compiler mirror not found.
	at scala.reflect.internal.MissingRequirementError$.signal(MissingRequirementError.scala:17)
	at scala.reflect.internal.MissingRequirementError$.notFound(MissingRequirementError.scala:18)
	at scala.reflect.internal.Mirrors$RootsBase.$anonfun$getModuleOrClass$4(Mirrors.scala:54)
	at scala.reflect.internal.Mirrors$RootsBase.getModuleOrClass(Mirrors.scala:54)
	at scala.reflect.internal.Mirrors$RootsBase.getModuleOrClass(Mirrors.scala:66)
	at scala.reflect.internal.Mirrors$RootsBase.getPackage(Mirrors.scala:172)
	at scala.reflect.internal.Definitions$DefinitionsClass.ScalaPackage$lzycompute(Definitions.scala:169)
	at scala.reflect.internal.Definitions$DefinitionsClass.ScalaPackage(Definitions.scala:169)
	at scala.reflect.internal.Definitions$DefinitionsClass.ScalaPackageClass$lzycompute(Definitions.scala:170)
	at scala.reflect.internal.Definitions$DefinitionsClass.ScalaPackageClass(Definitions.scala:170)
	at scala.reflect.internal.Definitions$DefinitionsClass.init(Definitions.scala:1423)
	at scala.tools.nsc.Global$Run.<init>(Global.scala:1164)
	at scala.tools.nsc.interactive.Global$TyperRun.<init>(Global.scala:1309)
	at scala.tools.nsc.interactive.Global.newTyperRun(Global.scala:1332)
	at scala.tools.nsc.interactive.Global.<init>(Global.scala:286)
	at scala.meta.metals.compiler.ScalacProvider$.newCompiler(ScalacProvider.scala:121)
	at scala.meta.metals.compiler.ScalacProvider.loadNewCompilerGlobals(ScalacProvider.scala:66)
	at scala.meta.metals.MetalsServices.$anonfun$installedCompilers$1(MetalsServices.scala:116)
	at monix.reactive.internal.operators.MapOperator$$anon$1.onNext(MapOperator.scala:44)
	at monix.reactive.internal.operators.MapOperator$$anon$1.onNext(MapOperator.scala:46)
	at monix.reactive.internal.operators.DoOnErrorOperator$$anon$1.onNext(DoOnErrorOperator.scala:36)
	at monix.reactive.subjects.PublishSubject.sendOnNextToAll(PublishSubject.scala:123)
	at monix.reactive.subjects.PublishSubject.onNext(PublishSubject.scala:97)
	at monix.reactive.observers.Subscriber$Implementation.onNext(Subscriber.scala:208)
	at monix.reactive.observers.buffers.AbstractSimpleBufferedSubscriber$$anon$1.signalNext(SimpleBufferedSubscriber.scala:128)
	at monix.reactive.observers.buffers.AbstractSimpleBufferedSubscriber$$anon$1.fastLoop(SimpleBufferedSubscriber.scala:193)
	at monix.reactive.observers.buffers.AbstractSimpleBufferedSubscriber$$anon$1.run(SimpleBufferedSubscriber.scala:123)
	at java.util.concurrent.ThreadPoolExecutor.runWorker(ThreadPoolExecutor.java:1142)
	at java.util.concurrent.ThreadPoolExecutor$Worker.run(ThreadPoolExecutor.java:617)
	at java.lang.Thread.run(Thread.java:745)
la.collection.Iterator.foreach$(Iterator.scala:929)
	at scala.collection.AbstractIterator.foreach(Iterator.scala:1417)
	at scala.collection.IterableLike.foreach(IterableLike.scala:71)
	at scala.collection.IterableLike.foreach$(IterableLike.scala:70)
	at scala.collection.AbstractIterable.foreach(Iterable.scala:54)
	at scala.meta.metals.search.InMemorySymbolIndex.indexDocument(InMemorySymbolIndex.scala:181)
	at scala.meta.metals.search.InMemorySymbolIndex.$anonfun$indexDatabase$1(InMemorySymbolIndex.scala:158)
	at scala.collection.Iterator.foreach(Iterator.scala:929)
	at scala.collection.Iterator.foreach$(Iterator.scala:929)
	at scala.collection.AbstractIterator.foreach(Iterator.scala:1417)
	at scala.collection.IterableLike.foreach(IterableLike.scala:71)
	at scala.collection.IterableLike.foreach$(IterableLike.scala:70)
	at scala.collection.AbstractIterable.foreach(Iterable.scala:54)
	at scala.meta.metals.search.InMemorySymbolIndex.indexDatabase(InMemorySymbolIndex.scala:157)
	at scala.meta.metals.search.InMemorySymbolIndex.$anonfun$indexDependencyClasspath$7(InMemorySymbolIndex.scala:144)
	at scala.collection.immutable.List.foreach(List.scala:389)
	at scala.meta.metals.search.InMemorySymbolIndex.$anonfun$indexDependencyClasspath$6(InMemorySymbolIndex.scala:137)
	at scala.meta.metals.search.InMemorySymbolIndex.$anonfun$indexDependencyClasspath$6$adapted(InMemorySymbolIndex.scala:136)
	at scala.meta.metals.storage.LevelDBMap$.withDB(LevelDBMap.scala:85)
	at scala.meta.metals.search.InMemorySymbolIndex.$anonfun$indexDependencyClasspath$1(InMemorySymbolIndex.scala:136)
	at monix.eval.internal.TaskRunLoop$.monix$eval$internal$TaskRunLoop$$loop$1(TaskRunLoop.scala:187)
	at monix.eval.internal.TaskRunLoop$RestartCallback$1.onSuccess(TaskRunLoop.scala:119)
	at monix.eval.Task$.$anonfun$forkedUnit$2(Task.scala:1463)
	at java.util.concurrent.ThreadPoolExecutor.runWorker(ThreadPoolExecutor.java:1142)
	at java.util.concurrent.ThreadPoolExecutor$Worker.run(ThreadPoolExecutor.java:617)
	at java.lang.Thread.run(Thread.java:745)
08:49:06.970 ERROR s.m.m.MetalsServices$ - object scala in compiler mirror not found.
scala.reflect.internal.MissingRequirementError: object scala in compiler mirror not found.
	at scala.reflect.internal.MissingRequirementError$.signal(MissingRequirementError.scala:17)
	at scala.reflect.internal.MissingRequirementError$.notFound(MissingRequirementError.scala:18)
	at scala.reflect.internal.Mirrors$RootsBase.$anonfun$getModuleOrClass$4(Mirrors.scala:54)
	at scala.reflect.internal.Mirrors$RootsBase.getModuleOrClass(Mirrors.scala:54)
	at scala.reflect.internal.Mirrors$RootsBase.getModuleOrClass(Mirrors.scala:66)
	at scala.reflect.internal.Mirrors$RootsBase.getPackage(Mirrors.scala:172)
	at scala.reflect.internal.Definitions$DefinitionsClass.ScalaPackage$lzycompute(Definitions.scala:169)
	at scala.reflect.internal.Definitions$DefinitionsClass.ScalaPackage(Definitions.scala:169)
	at scala.reflect.internal.Definitions$DefinitionsClass.ScalaPackageClass$lzycompute(Definitions.scala:170)
	at scala.reflect.internal.Definitions$DefinitionsClass.ScalaPackageClass(Definitions.scala:170)
	at scala.reflect.internal.Definitions$DefinitionsClass.init(Definitions.scala:1423)
	at scala.tools.nsc.Global$Run.<init>(Global.scala:1164)
	at scala.tools.nsc.interactive.Global$TyperRun.<init>(Global.scala:1309)
	at scala.tools.nsc.interactive.Global.newTyperRun(Global.scala:1332)
	at scala.tools.nsc.interactive.Global.<init>(Global.scala:286)
	at scala.meta.metals.compiler.ScalacProvider$.newCompiler(ScalacProvider.scala:121)
	at scala.meta.metals.compiler.ScalacProvider.loadNewCompilerGlobals(ScalacProvider.scala:66)
	at scala.meta.metals.MetalsServices.$anonfun$installedCompilers$1(MetalsServices.scala:116)
	at monix.reactive.internal.operators.MapOperator$$anon$1.onNext(MapOperator.scala:44)
	at monix.reactive.internal.operators.MapOperator$$anon$1.onNext(MapOperator.scala:46)
	at monix.reactive.internal.operators.DoOnErrorOperator$$anon$1.onNext(DoOnErrorOperator.scala:36)
	at monix.reactive.subjects.PublishSubject.sendOnNextToAll(PublishSubject.scala:123)
	at monix.reactive.subjects.PublishSubject.onNext(PublishSubject.scala:97)
	at monix.reactive.observers.Subscriber$Implementation.onNext(Subscriber.scala:208)
	at monix.reactive.observers.buffers.AbstractSimpleBufferedSubscriber$$anon$1.signalNext(SimpleBufferedSubscriber.scala:128)
	at monix.reactive.observers.buffers.AbstractSimpleBufferedSubscriber$$anon$1.fastLoop(SimpleBufferedSubscriber.scala:193)
	at monix.reactive.observers.buffers.AbstractSimpleBufferedSubscriber$$anon$1.run(SimpleBufferedSubscriber.scala:123)
	at java.util.concurrent.ThreadPoolExecutor.runWorker(ThreadPoolExecutor.java:1142)
	at java.util.concurrent.ThreadPoolExecutor$Worker.run(ThreadPoolExecutor.java:617)
	at java.lang.Thread.run(Thread.java:745)
08:49:07.771 INFO  s.m.m.s.InMemorySymbolIndex - Indexing classpath entry /home/gadgil/code/DeptForms/CourseTimings
08:49:07.773 INFO  s.m.m.s.InMemoryDocumentIndex - Storing in-memory document for uri Uri(file:///home/gadgil/code/DeptForms/CourseTimings/out/mill/scalalib/ScalaWorkerModule/worker/dest/2.12.6/unpacked/xsbt/Message.scala)
08:49:07.774 INFO  s.m.m.s.InMemoryDocumentIndex - Storing in-memory document for uri Uri(file:///home/gadgil/code/DeptForms/CourseTimings/out/mill/scalalib/ScalaWorkerModule/worker/dest/2.12.6/unpacked/xsbt/JavaUtils.scala)
08:49:07.774 INFO  s.m.m.s.InMemoryDocumentIndex - Storing in-memory document for uri Uri(file:///home/gadgil/code/DeptForms/CourseTimings/out/mill/scalalib/ScalaWorkerModule/worker/dest/2.12.6/unpacked/xsbt/LocateClassFile.scala)
08:49:07.775 INFO  s.m.m.s.InMemoryDocumentIndex - Storing in-memory document for uri Uri(file:///home/gadgil/code/DeptForms/CourseTimings/schedule/src/schedule/Jan2018.scala)
08:49:07.775 INFO  s.m.m.s.InMemoryDocumentIndex - Storing in-memory document for uri Uri(file:///home/gadgil/code/DeptForms/CourseTimings/schedule/src/schedule/Aug2017.scala)
08:49:07.775 INFO  s.m.m.s.InMemoryDocumentIndex - Storing in-memory document for uri Uri(file:///home/gadgil/code/DeptForms/CourseTimings/out/mill/scalalib/ScalaWorkerModule/worker/dest/2.12.6/unpacked/xsbt/InteractiveConsoleFactory.scala)
08:49:07.776 INFO  s.m.m.s.InMemoryDocumentIndex - Storing in-memory document for uri Uri(file:///home/gadgil/code/DeptForms/CourseTimings/schedule/src/schedule/Preferences.scala)
08:49:07.776 INFO  s.m.m.s.InMemoryDocumentIndex - Storing in-memory document for uri Uri(file:///home/gadgil/code/DeptForms/CourseTimings/out/mill/scalalib/ScalaWorkerModule/worker/dest/2.12.6/unpacked/xsbt/ConsoleInterface.scala)
08:49:07.776 INFO  s.m.m.s.InMemoryDocumentIndex - Storing in-memory document for uri Uri(file:///home/gadgil/code/DeptForms/CourseTimings/out/mill/scalalib/ScalaWorkerModule/worker/dest/2.12.6/unpacked/xsbt/InteractiveConsoleHelper.scala)
08:49:07.777 INFO  s.m.m.s.InMemoryDocumentIndex - Storing in-memory document for uri Uri(file:///home/gadgil/code/DeptForms/CourseTimings/schedule/src/schedule/Jan2016.scala)
08:49:07.777 INFO  s.m.m.s.InMemoryDocumentIndex - Storing in-memory document for uri Uri(file:///home/gadgil/code/DeptForms/CourseTimings/out/mill/scalalib/ScalaWorkerModule/worker/dest/2.12.6/unpacked/xsbt/InteractiveConsoleResponse.scala)
08:49:07.777 INFO  s.m.m.s.InMemoryDocumentIndex - Storing in-memory document for uri Uri(file:///home/gadgil/code/DeptForms/CourseTimings/out/mill/scalalib/ScalaWorkerModule/worker/dest/2.12.6/unpacked/xsbt/InteractiveConsoleInterface.scala)
08:49:07.777 INFO  s.m.m.s.InMemoryDocumentIndex - Storing in-memory document for uri Uri(file:///home/gadgil/code/DeptForms/CourseTimings/schedule/src/schedule/Scheduler.scala)
08:49:07.778 INFO  s.m.m.s.InMemoryDocumentIndex - Storing in-memory document for uri Uri(file:///home/gadgil/code/DeptForms/CourseTimings/out/mill/scalalib/ScalaWorkerModule/worker/dest/2.12.6/unpacked/xsbt/Analyzer.scala)
08:49:07.778 INFO  s.m.m.s.InMemoryDocumentIndex - Storing in-memory document for uri Uri(file:///home/gadgil/code/DeptForms/CourseTimings/schedule/src/schedule/Aug2016.scala)
08:49:07.778 INFO  s.m.m.s.InMemoryDocumentIndex - Storing in-memory document for uri Uri(file:///home/gadgil/code/DeptForms/CourseTimings/schedule/src/schedule/Timing.scala)
08:49:07.778 INFO  s.m.m.s.InMemoryDocumentIndex - Storing in-memory document for uri Uri(file:///home/gadgil/code/DeptForms/CourseTimings/schedule/src/schedule/Faculty.scala)
08:49:07.779 INFO  s.m.m.s.InMemoryDocumentIndex - Storing in-memory document for uri Uri(file:///home/gadgil/code/DeptForms/CourseTimings/out/mill/scalalib/ScalaWorkerModule/worker/dest/2.12.6/unpacked/xsbt/Log.scala)
08:49:07.779 INFO  s.m.m.s.InMemoryDocumentIndex - Storing in-memory document for uri Uri(file:///home/gadgil/code/DeptForms/CourseTimings/schedule/src/schedule/Schedule.scala)
08:49:07.779 INFO  s.m.m.s.InMemoryDocumentIndex - Storing in-memory document for uri Uri(file:///home/gadgil/code/DeptForms/CourseTimings/schedule/src/schedule/Aug2018.scala)
08:49:07.779 INFO  s.m.m.s.InMemoryDocumentIndex - Storing in-memory document for uri Uri(file:///home/gadgil/code/DeptForms/CourseTimings/out/mill/scalalib/ScalaWorkerModule/worker/dest/2.12.6/unpacked/xsbt/API.scala)
08:49:07.780 INFO  s.m.m.s.InMemoryDocumentIndex - Storing in-memory document for uri Uri(file:///home/gadgil/code/DeptForms/CourseTimings/out/mill/scalalib/ScalaWorkerModule/worker/dest/2.12.6/unpacked/xsbt/Compat.scala)
08:49:07.780 INFO  s.m.m.s.InMemoryDocumentIndex - Storing in-memory document for uri Uri(file:///home/gadgil/code/DeptForms/CourseTimings/schedule/src/schedule/Jan2017.scala)
08:49:07.780 INFO  s.m.m.s.InMemoryDocumentIndex - Storing in-memory document for uri Uri(file:///home/gadgil/code/DeptForms/CourseTimings/out/mill/scalalib/ScalaWorkerModule/worker/dest/2.12.6/unpacked/xsbt/CallbackGlobal.scala)
08:49:07.781 INFO  s.m.m.s.InMemoryDocumentIndex - Storing in-memory document for uri Uri(file:///home/gadgil/code/DeptForms/CourseTimings/schedule/src/schedule/Course.scala)
08:49:07.781 INFO  s.m.m.s.InMemoryDocumentIndex - Storing in-memory document for uri Uri(file:///home/gadgil/code/DeptForms/CourseTimings/target/scala-2.12/src_managed/test/amm.scala)
08:49:07.782 INFO  s.m.m.s.InMemoryDocumentIndex - Storing in-memory document for uri Uri(file:///home/gadgil/code/DeptForms/CourseTimings/out/mill/scalalib/ScalaWorkerModule/worker/dest/2.12.6/unpacked/xsbt/GlobalHelpers.scala)
08:49:07.782 INFO  s.m.m.s.InMemoryDocumentIndex - Storing in-memory document for uri Uri(file:///home/gadgil/code/DeptForms/CourseTimings/out/mill/scalalib/ScalaWorkerModule/worker/dest/2.12.6/unpacked/xsbt/LocalToNonLocalClass.scala)
08:49:07.782 INFO  s.m.m.s.InMemoryDocumentIndex - Storing in-memory document for uri Uri(file:///home/gadgil/code/DeptForms/CourseTimings/.worksheet/src/schedule.FindSchedule.scala)
08:49:07.783 INFO  s.m.m.s.InMemoryDocumentIndex - Storing in-memory document for uri Uri(file:///home/gadgil/code/DeptForms/CourseTimings/out/mill/scalalib/ScalaWorkerModule/worker/dest/2.12.6/unpacked/xsbt/Command.scala)
08:49:07.783 INFO  s.m.m.s.InMemoryDocumentIndex - Storing in-memory document for uri Uri(file:///home/gadgil/code/DeptForms/CourseTimings/out/mill/scalalib/ScalaWorkerModule/worker/dest/2.12.6/unpacked/xsbt/CompilerInterface.scala)
08:49:07.783 INFO  s.m.m.s.InMemoryDocumentIndex - Storing in-memory document for uri Uri(file:///home/gadgil/code/DeptForms/CourseTimings/out/mill/scalalib/ScalaWorkerModule/worker/dest/2.12.6/unpacked/xsbt/ExtractUsedNames.scala)
08:49:07.783 INFO  s.m.m.s.InMemoryDocumentIndex - Storing in-memory document for uri Uri(file:///home/gadgil/code/DeptForms/CourseTimings/out/mill/scalalib/ScalaWorkerModule/worker/dest/2.12.6/unpacked/xsbt/DelegatingReporter.scala)
08:49:07.784 INFO  s.m.m.s.InMemoryDocumentIndex - Storing in-memory document for uri Uri(file:///home/gadgil/code/DeptForms/CourseTimings/out/mill/scalalib/ScalaWorkerModule/worker/dest/2.12.6/unpacked/xsbt/ClassName.scala)
08:49:07.784 INFO  s.m.m.s.InMemoryDocumentIndex - Storing in-memory document for uri Uri(file:///home/gadgil/code/DeptForms/CourseTimings/out/mill/scalalib/ScalaWorkerModule/worker/dest/2.12.6/unpacked/xsbt/ScaladocInterface.scala)
08:49:07.784 INFO  s.m.m.s.InMemoryDocumentIndex - Storing in-memory document for uri Uri(file:///home/gadgil/code/DeptForms/CourseTimings/out/mill/scalalib/ScalaWorkerModule/worker/dest/2.12.6/unpacked/xsbt/Dependency.scala)
08:49:07.785 INFO  s.m.m.s.InMemoryDocumentIndex - Storing in-memory document for uri Uri(file:///home/gadgil/code/DeptForms/CourseTimings/out/mill/scalalib/ScalaWorkerModule/worker/dest/2.12.6/unpacked/xsbt/ExtractAPI.scala)
08:49:08.172 INFO  s.m.m.s.InMemorySymbolIndex - resolveName at Uri(file:///home/gadgil/code/DeptForms/CourseTimings/schedule/src/Aug2018.scala):30:7
08:49:08.541 INFO  s.m.m.s.InMemorySymbolIndex - resolveName at Uri(file:///home/gadgil/code/DeptForms/CourseTimings/schedule/src/Aug2018.scala):30:7
08:49:43.800 INFO  s.m.m.s.InMemorySymbolIndex - resolveName at Uri(file:///home/gadgil/code/DeptForms/CourseTimings/schedule/src/Aug2018.scala):34:19
08:53:38.205 INFO  s.m.m.s.InMemorySymbolIndex - resolveName at Uri(file:///home/gadgil/code/DeptForms/CourseTimings/schedule/src/Schedule.scala):6:89
08:55:21.816 INFO  s.m.m.s.InMemorySymbolIndex - resolveName at Uri(file:///home/gadgil/code/DeptForms/CourseTimings/schedule/src/Scheduler.scala):83:76
